# JRE version: Java(TM) SE Runtime Environment (17.0.12+8) (build 17.0.12+8-LTS-286)
# Java VM: Java HotSpot(TM) 64-Bit Server VM (17.0.12+8-LTS-286, mixed mode, sharing, tiered, compressed oops, compressed class ptrs, g1 gc, windows-amd64)
GC Precious Log:
 CPUs: 12 total, 12 available
 Memory: 16016M
 Large Page Support: Disabled
 NUMA Support: Disabled
 Compressed Oops: Enabled (32-bit)
 Heap Region Size: 1M
 Heap Min Capacity: 8M
 Heap Initial Capacity: 252M
 Heap Max Capacity: 2G
 Pre-touch: Disabled
 Parallel Workers: 10
 Concurrent Workers: 3
 Concurrent Refinement Workers: 10
 Periodic GC: Disabled
Heap:
 garbage-first heap   total 291840K, used 192153K [0x0000000080000000, 0x0000000100000000)
  region size 1024K, 42 young (43008K), 5 survivors (5120K)
 Metaspace       used 102146K, committed 103232K, reserved 557056K
  class space    used 14290K, committed 14784K, reserved 425984K
GC Heap History (20 events):
Event: 14.963 GC heap before
{Heap before GC invocations=30 (full 0):
 garbage-first heap   total 138240K, used 105869K [0x0000000080000000, 0x0000000100000000)
  region size 1024K, 29 young (29696K), 4 survivors (4096K)
 Metaspace       used 73517K, committed 74432K, reserved 491520K
  class space    used 10403K, committed 10816K, reserved 425984K
}
Event: 14.967 GC heap after
{Heap after GC invocations=31 (full 0):
 garbage-first heap   total 138240K, used 82871K [0x0000000080000000, 0x0000000100000000)
  region size 1024K, 4 young (4096K), 4 survivors (4096K)
 Metaspace       used 73517K, committed 74432K, reserved 491520K
  class space    used 10403K, committed 10816K, reserved 425984K
}
Event: 14.975 GC heap before
{Heap before GC invocations=31 (full 0):
 garbage-first heap   total 138240K, used 84919K [0x0000000080000000, 0x0000000100000000)
  region size 1024K, 6 young (6144K), 4 survivors (4096K)
 Metaspace       used 73521K, committed 74432K, reserved 491520K
  class space    used 10403K, committed 10816K, reserved 425984K
}
Event: 14.977 GC heap after
{Heap after GC invocations=32 (full 0):
 garbage-first heap   total 138240K, used 81592K [0x0000000080000000, 0x0000000100000000)
  region size 1024K, 1 young (1024K), 1 survivors (1024K)
 Metaspace       used 73521K, committed 74432K, reserved 491520K
  class space    used 10403K, committed 10816K, reserved 425984K
}
Event: 15.107 GC heap before
{Heap before GC invocations=32 (full 0):
 garbage-first heap   total 138240K, used 111288K [0x0000000080000000, 0x0000000100000000)
  region size 1024K, 31 young (31744K), 1 survivors (1024K)
 Metaspace       used 73591K, committed 74432K, reserved 491520K
  class space    used 10403K, committed 10816K, reserved 425984K
}
Event: 15.112 GC heap after
{Heap after GC invocations=33 (full 0):
 garbage-first heap   total 291840K, used 83799K [0x0000000080000000, 0x0000000100000000)
  region size 1024K, 4 young (4096K), 4 survivors (4096K)
 Metaspace       used 73591K, committed 74432K, reserved 491520K
  class space    used 10403K, committed 10816K, reserved 425984K
}
Event: 16.493 GC heap before
{Heap before GC invocations=33 (full 0):
 garbage-first heap   total 291840K, used 238423K [0x0000000080000000, 0x0000000100000000)
  region size 1024K, 149 young (152576K), 4 survivors (4096K)
 Metaspace       used 77181K, committed 78144K, reserved 557056K
  class space    used 10790K, committed 11264K, reserved 425984K
}
Event: 16.498 GC heap after
{Heap after GC invocations=34 (full 0):
 garbage-first heap   total 291840K, used 98571K [0x0000000080000000, 0x0000000100000000)
  region size 1024K, 12 young (12288K), 12 survivors (12288K)
 Metaspace       used 77181K, committed 78144K, reserved 557056K
  class space    used 10790K, committed 11264K, reserved 425984K
}
Event: 18.207 GC heap before
{Heap before GC invocations=34 (full 0):
 garbage-first heap   total 291840K, used 238859K [0x0000000080000000, 0x0000000100000000)
  region size 1024K, 143 young (146432K), 12 survivors (12288K)
 Metaspace       used 87016K, committed 87936K, reserved 557056K
  class space    used 12044K, committed 12480K, reserved 425984K
}
Event: 18.214 GC heap after
{Heap after GC invocations=35 (full 0):
 garbage-first heap   total 291840K, used 110042K [0x0000000080000000, 0x0000000100000000)
  region size 1024K, 9 young (9216K), 9 survivors (9216K)
 Metaspace       used 87016K, committed 87936K, reserved 557056K
  class space    used 12044K, committed 12480K, reserved 425984K
}
Event: 19.668 GC heap before
{Heap before GC invocations=35 (full 0):
 garbage-first heap   total 291840K, used 233946K [0x0000000080000000, 0x0000000100000000)
  region size 1024K, 129 young (132096K), 9 survivors (9216K)
 Metaspace       used 92311K, committed 93248K, reserved 557056K
  class space    used 12795K, committed 13248K, reserved 425984K
}
Event: 19.676 GC heap after
{Heap after GC invocations=36 (full 0):
 garbage-first heap   total 291840K, used 117038K [0x0000000080000000, 0x0000000100000000)
  region size 1024K, 15 young (15360K), 15 survivors (15360K)
 Metaspace       used 92311K, committed 93248K, reserved 557056K
  class space    used 12795K, committed 13248K, reserved 425984K
}
Event: 21.234 GC heap before
{Heap before GC invocations=36 (full 0):
 garbage-first heap   total 291840K, used 234798K [0x0000000080000000, 0x0000000100000000)
  region size 1024K, 130 young (133120K), 15 survivors (15360K)
 Metaspace       used 99720K, committed 100672K, reserved 557056K
  class space    used 13945K, committed 14400K, reserved 425984K
}
Event: 21.242 GC heap after
{Heap after GC invocations=37 (full 0):
 garbage-first heap   total 291840K, used 121050K [0x0000000080000000, 0x0000000100000000)
  region size 1024K, 12 young (12288K), 12 survivors (12288K)
 Metaspace       used 99720K, committed 100672K, reserved 557056K
  class space    used 13945K, committed 14400K, reserved 425984K
}
Event: 22.222 GC heap before
{Heap before GC invocations=37 (full 0):
 garbage-first heap   total 291840K, used 242906K [0x0000000080000000, 0x0000000100000000)
  region size 1024K, 126 young (129024K), 12 survivors (12288K)
 Metaspace       used 100588K, committed 101568K, reserved 557056K
  class space    used 14048K, committed 14528K, reserved 425984K
}
Event: 22.232 GC heap after
{Heap after GC invocations=38 (full 0):
 garbage-first heap   total 291840K, used 136828K [0x0000000080000000, 0x0000000100000000)
  region size 1024K, 16 young (16384K), 16 survivors (16384K)
 Metaspace       used 100588K, committed 101568K, reserved 557056K
  class space    used 14048K, committed 14528K, reserved 425984K
}
Event: 23.015 GC heap before
{Heap before GC invocations=38 (full 0):
 garbage-first heap   total 291840K, used 237180K [0x0000000080000000, 0x0000000100000000)
  region size 1024K, 115 young (117760K), 16 survivors (16384K)
 Metaspace       used 101542K, committed 102592K, reserved 557056K
  class space    used 14205K, committed 14720K, reserved 425984K
}
Event: 23.028 GC heap after
{Heap after GC invocations=39 (full 0):
 garbage-first heap   total 291840K, used 142920K [0x0000000080000000, 0x0000000100000000)
  region size 1024K, 9 young (9216K), 9 survivors (9216K)
 Metaspace       used 101542K, committed 102592K, reserved 557056K
  class space    used 14205K, committed 14720K, reserved 425984K
}
Event: 23.342 GC heap before
{Heap before GC invocations=39 (full 0):
 garbage-first heap   total 291840K, used 236104K [0x0000000080000000, 0x0000000100000000)
  region size 1024K, 101 young (103424K), 9 survivors (9216K)
 Metaspace       used 101545K, committed 102592K, reserved 557056K
  class space    used 14205K, committed 14720K, reserved 425984K
}
Event: 23.348 GC heap after
{Heap after GC invocations=40 (full 0):
 garbage-first heap   total 291840K, used 145049K [0x0000000080000000, 0x0000000100000000)
  region size 1024K, 5 young (5120K), 5 survivors (5120K)
 Metaspace       used 101545K, committed 102592K, reserved 557056K
  class space    used 14205K, committed 14720K, reserved 425984K
}

